[    0.000000] Linux version 4.15.0-54-generic (buildd@lgw01-amd64-014) (gcc version 7.4.0 (Ubuntu 7.4.0-1ubuntu1~18.04.1)) #58-Ubuntu SMP Mon Jun 24 10:55:24 UTC 2019 (Ubuntu 4.15.0-54.58-generic 4.15.18)
[    0.000000] Command line: BOOT_IMAGE=/boot/vmlinuz-4.15.0-54-generic root=LABEL=cloudimg-rootfs ro console=tty1 console=ttyS0
[    0.000000] KERNEL supported cpus:
[    0.000000]   Intel GenuineIntel
[    0.000000]   AMD AuthenticAMD
[    0.000000]   Centaur CentaurHauls
[    0.000000] x86/fpu: Supporting XSAVE feature 0x001: 'x87 floating point registers'
[    0.000000] x86/fpu: Supporting XSAVE feature 0x002: 'SSE registers'
[    0.000000] x86/fpu: Supporting XSAVE feature 0x004: 'AVX registers'
[    0.000000] x86/fpu: xstate_offset[2]:  576, xstate_sizes[2]:  256
[    0.000000] x86/fpu: Enabled xstate features 0x7, context size is 832 bytes, using 'standard' format.
[    0.000000] e820: BIOS-provided physical RAM map:
[    0.000000] BIOS-e820: [mem 0x0000000000000000-0x000000000009fbff] usable
[    0.000000] BIOS-e820: [mem 0x000000000009fc00-0x000000000009ffff] reserved
[    0.000000] BIOS-e820: [mem 0x00000000000f0000-0x00000000000fffff] reserved
[    0.000000] BIOS-e820: [mem 0x0000000000100000-0x00000000dffeffff] usable
[    0.000000] BIOS-e820: [mem 0x00000000dfff0000-0x00000000dfffffff] ACPI data
[    0.000000] BIOS-e820: [mem 0x00000000fec00000-0x00000000fec00fff] reserved
[    0.000000] BIOS-e820: [mem 0x00000000fee00000-0x00000000fee00fff] reserved
[    0.000000] BIOS-e820: [mem 0x00000000fffc0000-0x00000000ffffffff] reserved
[    0.000000] BIOS-e820: [mem 0x0000000100000000-0x000000011fffffff] usable
[    0.000000] NX (Execute Disable) protection: active
[    0.000000] SMBIOS 2.5 present.
[    0.000000] DMI: innotek GmbH VirtualBox/VirtualBox, BIOS VirtualBox 12/01/2006
[    0.000000] Hypervisor detected: KVM
[    0.000000] e820: last_pfn = 0x120000 max_arch_pfn = 0x400000000
[    0.000000] MTRR: Disabled
[    0.000000] x86/PAT: MTRRs disabled, skipping PAT initialization too.
[    0.000000] CPU MTRRs all blank - virtualized system.
[    0.000000] x86/PAT: Configuration [0-7]: WB  WT  UC- UC  WB  WT  UC- UC  
[    0.000000] e820: last_pfn = 0xdfff0 max_arch_pfn = 0x400000000
[    0.000000] found SMP MP-table at [mem 0x0009fff0-0x0009ffff] mapped at [        (ptrval)]
[    0.000000] Scanning 1 areas for low memory corruption
[    0.000000] RAMDISK: [mem 0x35a93000-0x36d40fff]
[    0.000000] ACPI: Early table checksum verification disabled
[    0.000000] ACPI: RSDP 0x00000000000E0000 000024 (v02 VBOX  )
[    0.000000] ACPI: XSDT 0x00000000DFFF0030 00003C (v01 VBOX   VBOXXSDT 00000001 ASL  00000061)
[    0.000000] ACPI: FACP 0x00000000DFFF00F0 0000F4 (v04 VBOX   VBOXFACP 00000001 ASL  00000061)
[    0.000000] ACPI: DSDT 0x00000000DFFF0470 0022EA (v02 VBOX   VBOXBIOS 00000002 INTL 20100528)
[    0.000000] ACPI: FACS 0x00000000DFFF0200 000040
[    0.000000] ACPI: FACS 0x00000000DFFF0200 000040
[    0.000000] ACPI: APIC 0x00000000DFFF0240 00005C (v02 VBOX   VBOXAPIC 00000001 ASL  00000061)
[    0.000000] ACPI: SSDT 0x00000000DFFF02A0 0001CC (v01 VBOX   VBOXCPUT 00000002 INTL 20100528)
[    0.000000] No NUMA configuration found
[    0.000000] Faking a node at [mem 0x0000000000000000-0x000000011fffffff]
[    0.000000] NODE_DATA(0) allocated [mem 0x11ffd1000-0x11fffbfff]
[    0.000000] kvm-clock: cpu 0, msr 1:1ff50001, primary cpu clock
[    0.000000] kvm-clock: Using msrs 4b564d01 and 4b564d00
[    0.000000] kvm-clock: using sched offset of 3528159524 cycles
[    0.000000] clocksource: kvm-clock: mask: 0xffffffffffffffff max_cycles: 0x1cd42e4dffb, max_idle_ns: 881590591483 ns
[    0.000000] Zone ranges:
[    0.000000]   DMA      [mem 0x0000000000001000-0x0000000000ffffff]
[    0.000000]   DMA32    [mem 0x0000000001000000-0x00000000ffffffff]
[    0.000000]   Normal   [mem 0x0000000100000000-0x000000011fffffff]
[    0.000000]   Device   empty
[    0.000000] Movable zone start for each node
[    0.000000] Early memory node ranges
[    0.000000]   node   0: [mem 0x0000000000001000-0x000000000009efff]
[    0.000000]   node   0: [mem 0x0000000000100000-0x00000000dffeffff]
[    0.000000]   node   0: [mem 0x0000000100000000-0x000000011fffffff]
[    0.000000] Reserved but unavailable: 114 pages
[    0.000000] Initmem setup node 0 [mem 0x0000000000001000-0x000000011fffffff]
[    0.000000] ACPI: PM-Timer IO Port: 0x4008
[    0.000000] IOAPIC[0]: apic_id 2, version 32, address 0xfec00000, GSI 0-23
[    0.000000] ACPI: INT_SRC_OVR (bus 0 bus_irq 0 global_irq 2 dfl dfl)
[    0.000000] ACPI: INT_SRC_OVR (bus 0 bus_irq 9 global_irq 9 low level)
[    0.000000] Using ACPI (MADT) for SMP configuration information
[    0.000000] smpboot: Allowing 2 CPUs, 0 hotplug CPUs
[    0.000000] PM: Registered nosave memory: [mem 0x00000000-0x00000fff]
[    0.000000] PM: Registered nosave memory: [mem 0x0009f000-0x0009ffff]
[    0.000000] PM: Registered nosave memory: [mem 0x000a0000-0x000effff]
[    0.000000] PM: Registered nosave memory: [mem 0x000f0000-0x000fffff]
[    0.000000] PM: Registered nosave memory: [mem 0xdfff0000-0xdfffffff]
[    0.000000] PM: Registered nosave memory: [mem 0xe0000000-0xfebfffff]
[    0.000000] PM: Registered nosave memory: [mem 0xfec00000-0xfec00fff]
[    0.000000] PM: Registered nosave memory: [mem 0xfec01000-0xfedfffff]
[    0.000000] PM: Registered nosave memory: [mem 0xfee00000-0xfee00fff]
[    0.000000] PM: Registered nosave memory: [mem 0xfee01000-0xfffbffff]
[    0.000000] PM: Registered nosave memory: [mem 0xfffc0000-0xffffffff]
[    0.000000] e820: [mem 0xe0000000-0xfebfffff] available for PCI devices
[    0.000000] Booting paravirtualized kernel on KVM
[    0.000000] clocksource: refined-jiffies: mask: 0xffffffff max_cycles: 0xffffffff, max_idle_ns: 7645519600211568 ns
[    0.000000] random: get_random_bytes called from start_kernel+0x99/0x4fd with crng_init=0
[    0.000000] setup_percpu: NR_CPUS:8192 nr_cpumask_bits:2 nr_cpu_ids:2 nr_node_ids:1
[    0.000000] percpu: Embedded 46 pages/cpu @        (ptrval) s151552 r8192 d28672 u1048576
[    0.000000] PV qspinlock hash table entries: 256 (order: 0, 4096 bytes)
[    0.000000] Built 1 zonelists, mobility grouping on.  Total pages: 1032057
[    0.000000] Policy zone: Normal
[    0.000000] Kernel command line: BOOT_IMAGE=/boot/vmlinuz-4.15.0-54-generic root=LABEL=cloudimg-rootfs ro console=tty1 console=ttyS0
[    0.000000] Memory: 4014064K/4193848K available (12300K kernel code, 2473K rwdata, 4272K rodata, 2408K init, 2416K bss, 179784K reserved, 0K cma-reserved)
[    0.000000] SLUB: HWalign=64, Order=0-3, MinObjects=0, CPUs=2, Nodes=1
[    0.000000] Kernel/User page tables isolation: enabled
[    0.000000] ftrace: allocating 39216 entries in 154 pages
[    0.004000] Hierarchical RCU implementation.
[    0.004000] 	RCU restricting CPUs from NR_CPUS=8192 to nr_cpu_ids=2.
[    0.004000] 	Tasks RCU enabled.
[    0.004000] RCU: Adjusting geometry for rcu_fanout_leaf=16, nr_cpu_ids=2
[    0.004000] NR_IRQS: 524544, nr_irqs: 440, preallocated irqs: 16
[    0.004000] Console: colour VGA+ 80x25
[    0.004000] console [tty1] enabled
[    0.004000] console [ttyS0] enabled
[    0.004000] ACPI: Core revision 20170831
[    0.004000] ACPI: 2 ACPI AML tables successfully acquired and loaded
[    0.004000] APIC: Switch to symmetric I/O mode setup
[    0.004000] x2apic enabled
[    0.004000] Switched APIC routing to physical x2apic.
[    0.004000] ..TIMER: vector=0x30 apic1=0 pin1=2 apic2=-1 pin2=-1
[    0.004003] tsc: Detected 2208.000 MHz processor
[    0.005209] Calibrating delay loop (skipped) preset value.. 4416.00 BogoMIPS (lpj=8832000)
[    0.008003] pid_max: default: 32768 minimum: 301
[    0.009078] Security Framework initialized
[    0.010161] Yama: becoming mindful.
[    0.010917] AppArmor: AppArmor initialized
[    0.014587] Dentry cache hash table entries: 524288 (order: 10, 4194304 bytes)
[    0.017287] Inode-cache hash table entries: 262144 (order: 9, 2097152 bytes)
[    0.019035] Mount-cache hash table entries: 8192 (order: 4, 65536 bytes)
[    0.020009] Mountpoint-cache hash table entries: 8192 (order: 4, 65536 bytes)
[    0.021617] mce: CPU supports 0 MCE banks
[    0.022962] Last level iTLB entries: 4KB 64, 2MB 8, 4MB 8
[    0.024009] Last level dTLB entries: 4KB 64, 2MB 0, 4MB 0, 1GB 4
[    0.025246] Spectre V2 : Mitigation: Full generic retpoline
[    0.026745] Spectre V2 : Spectre v2 / SpectreRSB mitigation: Filling RSB on context switch
[    0.028003] Speculative Store Bypass: Vulnerable
[    0.028950] MDS: Vulnerable: Clear CPU buffers attempted, no microcode
[    0.030260] Freeing SMP alternatives memory: 36K
[    0.036000] smpboot: CPU0: Intel(R) Core(TM) i7-8750H CPU @ 2.20GHz (family: 0x6, model: 0x9e, stepping: 0xa)
[    0.036000] Performance Events: unsupported p6 CPU model 158 no PMU driver, software events only.
[    0.036039] Hierarchical SRCU implementation.
[    0.037807] NMI watchdog: Perf event create on CPU 0 failed with -2
[    0.040002] NMI watchdog: Perf NMI watchdog permanently disabled
[    0.041179] smp: Bringing up secondary CPUs ...
[    0.044000] x86: Booting SMP configuration:
[    0.044006] .... node  #0, CPUs:      #1
[    0.004000] kvm-clock: cpu 1, msr 1:1ff50041, secondary cpu clock
[    0.004000] mce: CPU supports 0 MCE banks
[    0.050851] smp: Brought up 1 node, 2 CPUs
[    0.052006] smpboot: Max logical packages: 1
[    0.053108] smpboot: Total of 2 processors activated (8832.00 BogoMIPS)
[    0.056007] devtmpfs: initialized
[    0.056731] x86/mm: Memory block size: 128MB
[    0.057970] evm: security.selinux
[    0.058749] evm: security.SMACK64
[    0.059817] evm: security.SMACK64EXEC
[    0.060003] evm: security.SMACK64TRANSMUTE
[    0.060903] evm: security.SMACK64MMAP
[    0.061627] evm: security.apparmor
[    0.062560] evm: security.ima
[    0.064003] evm: security.capability
[    0.065028] clocksource: jiffies: mask: 0xffffffff max_cycles: 0xffffffff, max_idle_ns: 7645041785100000 ns
[    0.066571] futex hash table entries: 512 (order: 3, 32768 bytes)
[    0.068053] pinctrl core: initialized pinctrl subsystem
[    0.069148] RTC time: 18:40:04, date: 07/12/19
[    0.070415] NET: Registered protocol family 16
[    0.072058] audit: initializing netlink subsys (disabled)
[    0.073301] audit: type=2000 audit(1562956809.632:1): state=initialized audit_enabled=0 res=1
[    0.076013] cpuidle: using governor ladder
[    0.076916] cpuidle: using governor menu
[    0.077829] ACPI: bus type PCI registered
[    0.078803] acpiphp: ACPI Hot Plug PCI Controller Driver version: 0.5
[    0.080129] PCI: Using configuration type 1 for base access
[    0.081282] HugeTLB registered 2.00 MiB page size, pre-allocated 0 pages
[    0.084027] ACPI: Added _OSI(Module Device)
[    0.084852] ACPI: Added _OSI(Processor Device)
[    0.085732] ACPI: Added _OSI(3.0 _SCP Extensions)
[    0.086642] ACPI: Added _OSI(Processor Aggregator Device)
[    0.088000] ACPI: Added _OSI(Linux-Dell-Video)
[    0.088002] ACPI: Added _OSI(Linux-Lenovo-NV-HDMI-Audio)
[    0.089024] ACPI: Added _OSI(Linux-HPI-Hybrid-Graphics)
[    0.090638] ACPI: Executed 1 blocks of module-level executable AML code
[    0.094691] ACPI: Interpreter enabled
[    0.096010] ACPI: (supports S0 S5)
[    0.096850] ACPI: Using IOAPIC for interrupt routing
[    0.097967] PCI: Using host bridge windows from ACPI; if necessary, use "pci=nocrs" and report a bug
[    0.100179] ACPI: Enabled 2 GPEs in block 00 to 07
[    0.107390] ACPI: PCI Root Bridge [PCI0] (domain 0000 [bus 00-ff])
[    0.108006] acpi PNP0A03:00: _OSC: OS supports [ASPM ClockPM Segments MSI]
[    0.109713] acpi PNP0A03:00: _OSC: not requesting OS control; OS requires [ExtendedConfig ASPM ClockPM MSI]
[    0.112009] acpi PNP0A03:00: fail to add MMCONFIG information, can't access extended PCI configuration space under this bridge.
[    0.116343] PCI host bridge to bus 0000:00
[    0.117320] pci_bus 0000:00: root bus resource [io  0x0000-0x0cf7 window]
[    0.118940] pci_bus 0000:00: root bus resource [io  0x0d00-0xffff window]
[    0.120003] pci_bus 0000:00: root bus resource [mem 0x000a0000-0x000bffff window]
[    0.121431] pci_bus 0000:00: root bus resource [mem 0xe0000000-0xfdffffff window]
[    0.122860] pci_bus 0000:00: root bus resource [bus 00-ff]
[    0.126643] pci 0000:00:01.1: legacy IDE quirk: reg 0x10: [io  0x01f0-0x01f7]
[    0.128004] pci 0000:00:01.1: legacy IDE quirk: reg 0x14: [io  0x03f6]
[    0.129216] pci 0000:00:01.1: legacy IDE quirk: reg 0x18: [io  0x0170-0x0177]
[    0.131156] pci 0000:00:01.1: legacy IDE quirk: reg 0x1c: [io  0x0376]
[    0.169394] pci 0000:00:07.0: quirk: [io  0x4000-0x403f] claimed by PIIX4 ACPI
[    0.171447] pci 0000:00:07.0: quirk: [io  0x4100-0x410f] claimed by PIIX4 SMB
[    0.185607] ACPI: PCI Interrupt Link [LNKA] (IRQs 5 9 10 *11)
[    0.187294] ACPI: PCI Interrupt Link [LNKB] (IRQs 5 9 *10 11)
[    0.188118] ACPI: PCI Interrupt Link [LNKC] (IRQs 5 *9 10 11)
[    0.189315] ACPI: PCI Interrupt Link [LNKD] (IRQs 5 9 10 *11)
[    0.191024] SCSI subsystem initialized
[    0.192041] pci 0000:00:02.0: vgaarb: setting as boot VGA device
[    0.193484] pci 0000:00:02.0: vgaarb: VGA device added: decodes=io+mem,owns=io+mem,locks=none
[    0.195486] pci 0000:00:02.0: vgaarb: bridge control possible
[    0.196009] vgaarb: loaded
[    0.196591] ACPI: bus type USB registered
[    0.197807] usbcore: registered new interface driver usbfs
[    0.200007] usbcore: registered new interface driver hub
[    0.201136] usbcore: registered new device driver usb
[    0.202169] EDAC MC: Ver: 3.0.0
[    0.202169] PCI: Using ACPI for IRQ routing
[    0.204282] NetLabel: Initializing
[    0.204975] NetLabel:  domain hash size = 128
[    0.205833] NetLabel:  protocols = UNLABELED CIPSOv4 CALIPSO
[    0.206981] NetLabel:  unlabeled traffic allowed by default
[    0.208057] clocksource: Switched to clocksource kvm-clock
[    0.220765] VFS: Disk quotas dquot_6.6.0
[    0.222158] VFS: Dquot-cache hash table entries: 512 (order 0, 4096 bytes)
[    0.224371] AppArmor: AppArmor Filesystem Enabled
[    0.225437] pnp: PnP ACPI init
[    0.227263] pnp: PnP ACPI: found 3 devices
[    0.237070] clocksource: acpi_pm: mask: 0xffffff max_cycles: 0xffffff, max_idle_ns: 2085701024 ns
[    0.239755] NET: Registered protocol family 2
[    0.240813] TCP established hash table entries: 32768 (order: 6, 262144 bytes)
[    0.242246] TCP bind hash table entries: 32768 (order: 7, 524288 bytes)
[    0.243719] TCP: Hash tables configured (established 32768 bind 32768)
[    0.245027] UDP hash table entries: 2048 (order: 4, 65536 bytes)
[    0.246174] UDP-Lite hash table entries: 2048 (order: 4, 65536 bytes)
[    0.247428] NET: Registered protocol family 1
[    0.248312] pci 0000:00:00.0: Limiting direct PCI/PCI transfers
[    0.249483] pci 0000:00:01.0: Activating ISA DMA hang workarounds
[    0.251067] pci 0000:00:02.0: Video device with shadowed ROM at [mem 0x000c0000-0x000dffff]
[    0.252779] Unpacking initramfs...
[    0.478323] Freeing initrd memory: 19128K
[    0.479617] PCI-DMA: Using software bounce buffering for IO (SWIOTLB)
[    0.481230] software IO TLB [mem 0xdbff0000-0xdfff0000] (64MB) mapped at [        (ptrval)-        (ptrval)]
[    0.483132] clocksource: tsc: mask: 0xffffffffffffffff max_cycles: 0x1fd3b81b95f, max_idle_ns: 440795257325 ns
[    0.485179] platform rtc_cmos: registered platform RTC device (no PNP device found)
[    0.486716] Scanning for low memory corruption every 60 seconds
[    0.488499] Initialise system trusted keyrings
[    0.489795] Key type blacklist registered
[    0.490944] workingset: timestamp_bits=36 max_order=20 bucket_order=0
[    0.494353] zbud: loaded
[    0.495399] squashfs: version 4.0 (2009/01/31) Phillip Lougher
[    0.497537] fuse init (API version 7.26)
[    0.501167] Key type asymmetric registered
[    0.501999] Asymmetric key parser 'x509' registered
[    0.502994] Block layer SCSI generic (bsg) driver version 0.4 loaded (major 246)
[    0.504696] io scheduler noop registered
[    0.506030] io scheduler deadline registered
[    0.507169] io scheduler cfq registered (default)
[    0.508596] ACPI: AC Adapter [AC] (off-line)
[    0.509687] input: Power Button as /devices/LNXSYSTM:00/LNXPWRBN:00/input/input0
[    0.511567] ACPI: Power Button [PWRF]
[    0.512395] input: Sleep Button as /devices/LNXSYSTM:00/LNXSLPBN:00/input/input1
[    0.513814] ACPI: Sleep Button [SLPF]
[    0.515697] ACPI: Battery Slot [BAT0] (battery present)
[    0.516143] Serial: 8250/16550 driver, 32 ports, IRQ sharing enabled
[    0.537509] 00:02: ttyS0 at I/O 0x3f8 (irq = 4, base_baud = 115200) is a 16550A
[    0.539969] Linux agpgart interface v0.103
[    0.544514] loop: module loaded
[    0.545868] scsi host0: ata_piix
[    0.546921] scsi host1: ata_piix
[    0.547738] ata1: PATA max UDMA/33 cmd 0x1f0 ctl 0x3f6 bmdma 0xd000 irq 14
[    0.549364] ata2: PATA max UDMA/33 cmd 0x170 ctl 0x376 bmdma 0xd008 irq 15
[    0.550903] libphy: Fixed MDIO Bus: probed
[    0.551925] tun: Universal TUN/TAP device driver, 1.6
[    0.553245] PPP generic driver version 2.4.2
[    0.554318] ehci_hcd: USB 2.0 'Enhanced' Host Controller (EHCI) Driver
[    0.555911] ehci-pci: EHCI PCI platform driver
[    0.557044] ehci-platform: EHCI generic platform driver
[    0.558292] ohci_hcd: USB 1.1 'Open' Host Controller (OHCI) Driver
[    0.559678] ohci-pci: OHCI PCI platform driver
[    0.560721] ohci-platform: OHCI generic platform driver
[    0.561784] uhci_hcd: USB Universal Host Controller Interface driver
[    0.563196] i8042: PNP: PS/2 Controller [PNP0303:PS2K,PNP0f03:PS2M] at 0x60,0x64 irq 1,12
[    0.565330] serio: i8042 KBD port at 0x60,0x64 irq 1
[    0.566404] serio: i8042 AUX port at 0x60,0x64 irq 12
[    0.567474] mousedev: PS/2 mouse device common for all mice
[    0.568885] input: AT Translated Set 2 keyboard as /devices/platform/i8042/serio0/input/input2
[    0.571016] rtc_cmos rtc_cmos: rtc core: registered rtc_cmos as rtc0
[    0.572327] rtc_cmos rtc_cmos: alarms up to one day, 114 bytes nvram
[    0.573628] i2c /dev entries driver
[    0.574419] device-mapper: uevent: version 1.0.3
[    0.575445] device-mapper: ioctl: 4.37.0-ioctl (2017-09-20) initialised: dm-devel@redhat.com
[    0.577388] ledtrig-cpu: registered to indicate activity on CPUs
[    0.579104] NET: Registered protocol family 10
[    0.583124] Segment Routing with IPv6
[    0.583948] NET: Registered protocol family 17
[    0.585138] Key type dns_resolver registered
[    0.586186] RAS: Correctable Errors collector initialized.
[    0.587390] sched_clock: Marking stable (586112587, 0)->(961898072, -375785485)
[    0.589675] registered taskstats version 1
[    0.590810] Loading compiled-in X.509 certificates
[    0.593951] Loaded X.509 cert 'Build time autogenerated kernel key: 1cc14bc8298a06d551159822c55fa35abd77a621'
[    0.596141] zswap: loaded using pool lzo/zbud
[    0.599964] Key type big_key registered
[    0.600815] Key type trusted registered
[    0.604436] Key type encrypted registered
[    0.605722] AppArmor: AppArmor sha1 policy hashing enabled
[    0.607359] ima: No TPM chip found, activating TPM-bypass! (rc=-19)
[    0.609170] ima: Allocated hash algorithm: sha1
[    0.610696] evm: HMAC attrs: 0x1
[    0.612285]   Magic number: 11:948:695
[    0.613260] pci 0000:00:00.0: hash matches
[    0.614423] rtc_cmos rtc_cmos: setting system clock to 2019-07-12 18:40:05 UTC (1562956805)
[    0.616585] BIOS EDD facility v0.16 2004-Jun-25, 0 devices found
[    0.618497] EDD information not available.
[    1.047767] Freeing unused kernel image memory: 2408K
[    1.060349] Write protecting the kernel read-only data: 20480k
[    1.063313] Freeing unused kernel image memory: 2008K
[    1.065136] Freeing unused kernel image memory: 1872K
[    1.072268] x86/mm: Checked W+X mappings: passed, no W+X pages found.
[    1.074611] x86/mm: Checking user space page tables
[    1.081225] x86/mm: Checked W+X mappings: passed, no W+X pages found.
Loading, please wait...
starting version 237
[    1.151899] Fusion MPT base driver 3.04.20
[    1.153452] Copyright (c) 1999-2008 LSI Corporation
[    1.158410] e1000: Intel(R) PRO/1000 Network Driver - version 7.3.21-k8-NAPI
[    1.160893] e1000: Copyright (c) 1999-2006 Intel Corporation.
[    1.171317] AVX2 version of gcm_enc/dec engaged.
[    1.172839] AES CTR mode by8 optimization enabled
[    1.177075] Fusion MPT SPI Host driver 3.04.20
[    1.353297] input: ImExPS/2 Generic Explorer Mouse as /devices/platform/i8042/serio1/input/input4
[    1.583810] e1000 0000:00:03.0 eth0: (PCI:33MHz:32-bit) 02:26:45:5c:bc:af
[    1.586790] e1000 0000:00:03.0 eth0: Intel(R) PRO/1000 Network Connection
[    1.590482] mptbase: ioc0: Initiating bringup
[    1.591392] e1000 0000:00:03.0 enp0s3: renamed from eth0
[    1.693390] ioc0: LSI53C1030 A0: Capabilities={Initiator}
[    1.935633] scsi host2: ioc0: LSI53C1030 A0, FwRev=00000000h, Ports=1, MaxQ=256, IRQ=20
[    2.105262] scsi 2:0:0:0: Direct-Access     VBOX     HARDDISK         1.0  PQ: 0 ANSI: 5
[    2.455637] scsi target2:0:0: Beginning Domain Validation
[    2.462008] scsi target2:0:0: Domain Validation skipping write tests
[    2.464117] scsi target2:0:0: Ending Domain Validation
[    2.465847] scsi target2:0:0: asynchronous
[    2.467761] scsi 2:0:1:0: Direct-Access     VBOX     HARDDISK         1.0  PQ: 0 ANSI: 5
[    2.865826] scsi target2:0:1: Beginning Domain Validation
[    2.871022] random: fast init done
[    2.872337] scsi target2:0:1: Domain Validation skipping write tests
[    2.874150] scsi target2:0:1: Ending Domain Validation
[    2.875800] scsi target2:0:1: asynchronous
[    2.881733] random: systemd-udevd: uninitialized urandom read (16 bytes read)
[    2.883770] random: systemd-udevd: uninitialized urandom read (16 bytes read)
[    2.885834] random: systemd-udevd: uninitialized urandom read (16 bytes read)
[    2.888044] sd 2:0:0:0: Attached scsi generic sg0 type 0
[    2.890128] sd 2:0:0:0: [sda] 20971520 512-byte logical blocks: (10.7 GB/10.0 GiB)
[    2.890536] sd 2:0:1:0: [sdb] 20480 512-byte logical blocks: (10.5 MB/10.0 MiB)
[    2.890603] sd 2:0:1:0: [sdb] Write Protect is off
[    2.890735] sd 2:0:1:0: [sdb] Incomplete mode parameter data
[    2.890736] sd 2:0:1:0: [sdb] Assuming drive cache: write through
[    2.892308] sd 2:0:1:0: Attached scsi generic sg1 type 0
[    2.892477] sd 2:0:1:0: [sdb] Attached SCSI disk
[    2.901093] sd 2:0:0:0: [sda] Write Protect is off
[    2.902485] sd 2:0:0:0: [sda] Incomplete mode parameter data
[    2.903879] sd 2:0:0:0: [sda] Assuming drive cache: write through
[    2.906958]  sda: sda1
[    2.908624] sd 2:0:0:0: [sda] Attached SCSI disk
Begin: Loading essential drivers ... [    4.268081] raid6: sse2x1   gen() 13125 MB/s
[    4.316269] raid6: sse2x1   xor()  9711 MB/s
[    4.364234] raid6: sse2x2   gen() 16352 MB/s
[    4.412554] raid6: sse2x2   xor() 11046 MB/s
[    4.460234] raid6: sse2x4   gen() 17722 MB/s
[    4.508584] raid6: sse2x4   xor() 11602 MB/s
[    4.556724] raid6: avx2x1   gen() 26608 MB/s
[    4.604218] raid6: avx2x1   xor() 18150 MB/s
[    4.652243] raid6: avx2x2   gen() 32312 MB/s
[    4.700537] raid6: avx2x2   xor() 20399 MB/s
[    4.748312] raid6: avx2x4   gen() 36867 MB/s
[    4.796246] raid6: avx2x4   xor() 22486 MB/s
[    4.797566] raid6: using algorithm avx2x4 gen() 36867 MB/s
[    4.799102] raid6: .... xor() 22486 MB/s, rmw enabled
[    4.800346] raid6: using avx2x2 recovery algorithm
[    4.802954] xor: automatically using best checksumming function   avx       
[    4.806228] async_tx: api initialized (async)
done.
Begin: Running /scripts/init-premount ... done.
Begin: Mounting root file system ... Begin: Running /scripts/local-top ... done.
Begin: Running /scripts/local-premount ... [    4.842836] Btrfs loaded, crc32c=crc32c-intel
Scanning for Btrfs filesystems
done.
Warning: fsck not present, so skipping root file system
[    4.862492] EXT4-fs (sda1): mounted filesystem with ordered data mode. Opts: (null)
done.
Begin: Running /scripts/local-bottom ... done.
Begin: Running /scripts/init-bottom ... done.
[    4.976238] ip_tables: (C) 2000-2006 Netfilter Core Team
[    4.981846] systemd[1]: systemd 237 running in system mode. (+PAM +AUDIT +SELINUX +IMA +APPARMOR +SMACK +SYSVINIT +UTMP +LIBCRYPTSETUP +GCRYPT +GNUTLS +ACL +XZ +LZ4 +SECCOMP +BLKID +ELFUTILS +KMOD -IDN2 +IDN -PCRE2 default-hierarchy=hybrid)
[    4.986174] systemd[1]: Detected virtualization oracle.
[    4.987255] systemd[1]: Detected architecture x86-64.

Welcome to [1mUbuntu 18.04.2 LTS[0m!

[    4.992223] systemd[1]: Set hostname to <ubuntu>.
[    4.994325] systemd[1]: Initializing machine ID from random generator.
[    4.995626] systemd[1]: Installed transient /etc/machine-id file.
[    5.166433] systemd[1]: Created slice User and Session Slice.
[[0;32m  OK  [0m] Created slice User and Session Slice.
[    5.185897] systemd[1]: Created slice System Slice.
[[0;32m  OK  [0m] Created slice System Slice.
[    5.188514] systemd[1]: Listening on Device-mapper event daemon FIFOs.
[[0;32m  OK  [0m] Listening on Device-mapper event daemon FIFOs.
[    5.191050] systemd[1]: Listening on LVM2 poll daemon socket.
[[0;32m  OK  [0m] Listening on LVM2 poll daemon socket.
[[0;32m  OK  [0m] Reached target Slices.
[[0;32m  OK  [0m] Set up automount Arbitrary Executab…rmats File System Automount Point.
[[0;32m  OK  [0m] Listening on Journal Socket (/dev/log).
[[0;32m  OK  [0m] Listening on udev Control Socket.
[[0;32m  OK  [0m] Listening on Network Service Netlink Socket.
[[0;32m  OK  [0m] Listening on Journal Audit Socket.
[[0;32m  OK  [0m] Listening on Journal Socket.
         Mounting POSIX Message Queue File System...
         Starting Uncomplicated firewall...
[[0;32m  OK  [0m] Listening on Syslog Socket.
         Starting Journal Service...
         Mounting Kernel Debug File System...
[[0;32m  OK  [0m] Started Forward Password Requests to Wall Directory Watch.
[[0;32m  OK  [0m] Reached target Swap.
[[0;32m  OK  [0m] Created slice system-serial\x2dgetty.slice.
[[0;32m  OK  [0m] Reached target User and Group Name Lookups.
         Starting Set the console keyboard layout...
         Starting Load Kernel Modules...
[[0;32m  OK  [0m] Listening on LVM2 metadata daemon socket.
         Starting Monitoring of LVM2 mirrors…ng dmeventd or progress polling...
[[0;32m  OK  [0m] Listening on /dev/initctl Compatibility Named Pipe.
[[0;32m  OK  [0m] Reached target System Time Synchronized.
         Mounting Huge Pages File System...
[    5.545537] Loading iSCSI transport class v2.0-870.
[    5.551526] iscsi: registered transport (tcp)
[[0;32m  OK  [0m] Listening on udev Kernel Socket.
[    5.564124] iscsi: registered transport (iser)
         Starting udev Coldplug all Devices...
         Starting Create list of required st…ce nodes for the current kernel...
         Starting Remount Root and Kernel File Systems...
[[0;32m  OK  [0m] Started Journal Service.
[[0;32m  OK  [0m] Mounted POSIX Message Queue File System.
[[0;32m  OK  [0m] Started Uncomplicated firewall.
[[0;32m  OK  [0m] Mounted Kernel Debug File System.
[    5.641918] EXT4-fs (sda1): re-mounted. Opts: (null)
[[0;32m  OK  [0m] Started Load Kernel Modules.
[[0;32m  OK  [0m] Mounted Huge Pages File System.
[[0;32m  OK  [0m] Started Create list of required sta…vice nodes for the current kernel.
[[0;32m  OK  [0m] Started Remount Root and Kernel File Systems.
[[0;32m  OK  [0m] Started LVM2 metadata daemon.
         Starting Load/Save Random Seed...
         Starting Create Static Device Nodes in /dev...
         Starting Apply Kernel Variables...
         Mounting FUSE Control File System...
         Mounting Kernel Configuration File System...
         Starting Flush Journal to Persistent Storage...
[[0;32m  OK  [0m] Started Set the console keyboard layout.
[[0;32m  OK  [0m] Started Monitoring of LVM2 mirrors,…sing dmeventd or progress polling.
[[0;32m  OK  [0m] Started udev Coldplug all Devices.
[[0;32m  OK  [0m] Started Load/Save Random Seed.
[[0;32m  OK  [0m] Started Create Static Device Nodes in /dev.
[[0;32m  OK  [0m] Started Apply Kernel Variables.
[[0;32m  OK  [0m] Mounted FUSE Control File System.
[[0;32m  OK  [0m] Mounted Kernel Configuration File System.
         Starting udev Kernel Device Manager...
[[0;32m  OK  [0m] Reached target Local File Systems (Pre).
[[0;32m  OK  [0m] Reached target Local File Systems.
         Starting AppArmor initialization...
         Starting ebtables ruleset management...
         Starting Commit a transient machine-id on disk...
         Starting Tell Plymouth To Write Out Runtime Data...
         Starting Set console font and keymap...
[[0;32m  OK  [0m] Started udev Kernel Device Manager.
[[0;32m  OK  [0m] Started Dispatch Password Requests to Console Directory Watch.
[[0;32m  OK  [0m] Reached target Local Encrypted Volumes.
[[0;32m  OK  [0m] Started Tell Plymouth To Write Out Runtime Data.
[[0;32m  OK  [0m] Started Set console font and keymap.
[[0;32m  OK  [0m] Started Flush Journal to Persistent Storage.
         Starting Create Volatile Files and Directories...
[[0;32m  OK  [0m] Started Commit a transient machine-id on disk.
[[0;32m  OK  [0m] Started Create Volatile Files and Directories.
         Starting Update UTMP about System Boot/Shutdown...
[[0;32m  OK  [0m] Started Update UTMP about System Boot/Shutdown.
[[0;32m  OK  [0m] Started ebtables ruleset management.
[[0;32m  OK  [0m] Found device /dev/ttyS0.
[[0;32m  OK  [0m] Listening on Load/Save RF Kill Switch Status /dev/rfkill Watch.
[[0;32m  OK  [0m] Started AppArmor initialization.
         Starting Initial cloud-init job (pre-networking)...
[    7.379171] cloud-init[546]: Cloud-init v. 19.1-1-gbaa47854-0ubuntu1~18.04.1 running 'init-local' at Fri, 12 Jul 2019 18:40:11 +0000. Up 7.09 seconds.
[[0;32m  OK  [0m] Started Initial cloud-init job (pre-networking).
[[0;32m  OK  [0m] Reached target Network (Pre).
         Starting Network Service...
[[0;32m  OK  [0m] Started Network Service.
         Starting Network Name Resolution...
         Starting Wait for Network to be Configured...
[[0;32m  OK  [0m] Started Network Name Resolution.
[[0;32m  OK  [0m] Reached target Host and Network Name Lookups.
[[0;32m  OK  [0m] Reached target Network.
[[0;32m  OK  [0m] Started Wait for Network to be Configured.
         Starting Initial cloud-init job (metadata service crawler)...
[    9.798815] cloud-init[643]: Cloud-init v. 19.1-1-gbaa47854-0ubuntu1~18.04.1 running 'init' at Fri, 12 Jul 2019 18:40:14 +0000. Up 9.68 seconds.
[    9.808169] cloud-init[643]: ci-info: ++++++++++++++++++++++++++++++++++++++Net device info++++++++++++++++++++++++++++++++++++++
[    9.820513] cloud-init[643]: ci-info: +--------+------+----------------------------+---------------+--------+-------------------+
[    9.836593] cloud-init[643]: ci-info: | Device |  Up  |          Address           |      Mask     | Scope  |     Hw-Address    |
[    9.837912] cloud-init[643]: ci-info: +--------+------+----------------------------+---------------+--------+-------------------+
[    9.839229] cloud-init[643]: ci-info: | enp0s3 | True |         10.0.2.15          | 255.255.255.0 | global | 02:26:45:5c:bc:af |
[    9.840708] cloud-init[643]: ci-info: | enp0s3 | True | fe80::26:45ff:fe5c:bcaf/64 |       .       |  link  | 02:26:45:5c:bc:af |
[    9.842636] cloud-init[643]: ci-info: |   lo   | True |         127.0.0.1          |   255.0.0.0   |  host  |         .         |
[    9.844373] cloud-init[643]: ci-info: |   lo   | True |          ::1/128           |       .       |  host  |         .         |
[    9.846071] cloud-init[643]: ci-info: +--------+------+----------------------------+---------------+--------+-------------------+
[    9.848058] cloud-init[643]: ci-info: ++++++++++++++++++++++++++++Route IPv4 info+++++++++++++++++++++++++++++
[    9.849964] cloud-init[643]: ci-info: +-------+-------------+----------+-----------------+-----------+-------+
[    9.851873] cloud-init[643]: ci-info: | Route | Destination | Gateway  |     Genmask     | Interface | Flags |
[    9.853682] cloud-init[643]: ci-info: +-------+-------------+----------+-----------------+-----------+-------+
[    9.855599] cloud-init[643]: ci-info: |   0   |   0.0.0.0   | 10.0.2.2 |     0.0.0.0     |   enp0s3  |   UG  |
[    9.857500] cloud-init[643]: ci-info: |   1   |   10.0.2.0  | 0.0.0.0  |  255.255.255.0  |   enp0s3  |   U   |
[    9.859131] cloud-init[643]: ci-info: |   2   |   10.0.2.2  | 0.0.0.0  | 255.255.255.255 |   enp0s3  |   UH  |
[    9.861059] cloud-init[643]: ci-info: +-------+-------------+----------+-----------------+-----------+-------+
[    9.862026] cloud-init[643]: ci-info: +++++++++++++++++++Route IPv6 info+++++++++++++++++++
[    9.863208] cloud-init[643]: ci-info: +-------+-------------+---------+-----------+-------+
[    9.880279] cloud-init[643]: ci-info: | Route | Destination | Gateway | Interface | Flags |
[    9.881100] cloud-init[643]: ci-info: +-------+-------------+---------+-----------+-------+
[    9.892580] cloud-init[643]: ci-info: |   1   |  fe80::/64  |    ::   |   enp0s3  |   U   |
[    9.893308] cloud-init[643]: ci-info: |   3   |    local    |    ::   |   enp0s3  |   U   |
[    9.894140] cloud-init[643]: ci-info: |   4   |   ff00::/8  |    ::   |   enp0s3  |   U   |
[    9.904295] cloud-init[643]: ci-info: +-------+-------------+---------+-----------+-------+
[   10.327502] cloud-init[643]: Generating public/private rsa key pair.
[   10.340473] cloud-init[643]: Your identification has been saved in /etc/ssh/ssh_host_rsa_key.
[   10.341360] cloud-init[643]: Your public key has been saved in /etc/ssh/ssh_host_rsa_key.pub.
[   10.342308] cloud-init[643]: The key fingerprint is:
[   10.352278] cloud-init[643]: SHA256:y2CViAwppQfsmRMaIRg+7i987WokrvZxFYJUQMpOQVQ root@ubuntu-bionic
[   10.353254] cloud-init[643]: The key's randomart image is:
[   10.364288] cloud-init[643]: +---[RSA 2048]----+
[[0;32m  OK  [0m] Started Initial cloud-init job (metadata service crawler).
[   10.381218] cloud-init[643]: |XB=Eo.           |
[[0;32m  OK  [0m] Reached target Network is Online.
[   10.397025] cloud-init[643]: |B==o.. . .       |
         Starting Availability of block devices...
[   10.422102] cloud-init[643]: |+O=.o...o        |
[   10.423059] [cloud-init[0;32m  OK  [0m[643]: ] |=*.   ...        |Reached target Remote File Systems (Pre).

[[0;32m  OK  [0m] Reached target Remote File Systems.
[[0;32m  OK  [0m] Reached target System Initialization.
[   10.424342] cloud-init[643]: | o.   o.S        |
[[0;32m  OK  [0m] Started Discard unused blocks once a week.
[   10.441219] [[0;32m  OK  [0m] Listening on ACPID Listen Socket.
cloud-init[643]: |.. . ..o .       |
[[0;32m  OK  [0m] Started ACPI Events Check.
[   10.448383] cloud-init[643]:          Starting Socket activation for snappy daemon.
[[0;32m  OK  [0m] Listening on UUID daemon activation socket.
[[0;32m  OK  [0m] Started Message of the Day.
[[0;32m  OK  [0m] Reached target Paths.
[[0;32m  OK  [0m] Started Daily Cleanup of Temporary Directories.
[[0;32m  OK  [0m] Started Daily apt download activities.
[[0;32m  OK  [0m] Listening on D-Bus System Message Bus Socket.
[[0;32m  OK  [0m] Started Daily apt upgrade and clean activities.
[[0;32m  OK  [0m] Listening on Open-iSCSI iscsid Socket.
         Starting LXD - unix socket.
[[0;32m  OK  [0m] Reached target Timers.
[[0;32m  OK  [0m] Reached target Cloud-config availability.
|o.o...  o        |
[   10.465006] cloud-init[643]: | =.oo.           |
[   10.465323] cloud-init[643]: |+ =+o.           |
[   10.466335] cloud-init[643]: +----[SHA256]-----+
[   10.466536] cloud-init[643]: Generating public/private dsa key pair.
[   10.467915] cloud-init[643]: Your identification has been saved in /etc/ssh/ssh_host_dsa_key.
[   10.469036] cloud-init[643]: Your public key has been saved in /etc/ssh/ssh_host_dsa_key.pub.
[   10.470217] cloud-init[643]: The key fingerprint is:
[   10.471832] cloud-init[643]: SHA256:xOuhkjLjiYfBr8zbAw4echUgfZWcboXw+NMeHEmfsWc root@ubuntu-bionic
[   10.472454] cloud-init[643]: The key's randomart image is:
[   10.473466] cloud-init[643]: +---[DSA 1024]----+
[   10.474153] cloud-init[643]: |.....+.+. .      |
[   10.474633] cloud-init[643]: | .. oo=o.o +     |
[   10.474668] cloud-init[643]: |   ..o..= + E    |
[   10.475673] [[0;32m  OK  [0m] Started Availability of block devices.
[[0;32m  OK  [0m] Listening on Socket activation for snappy daemon.
[[0;32m  OK  [0m] Listening on LXD - unix socket.
[[0;32m  OK  [0m] Reached target Sockets.
[[0;32m  OK  [0m] Reached target Basic System.
[[0;32m  OK  [0m] Started FUSE filesystem for LXC.
         Starting System Logging Service...
cloud-init[643]: |    ..o+ o o     |
         Starting Virtualbox guest utils...
         Starting LXD - container startup/shutdown...
         Starting LSB: automatic crash report generation...
[   10.500522] cloud-init[643]: |.  . .o S        |
[   10.507718] cloud-init[643]: |++.  . = o       |
[   10.508935] cloud-init[643]: |=+B o . o        |
[   10.509781] cloud-init[643]: |+=oB .           |
[   10.510401] cloud-init[643]: |.*=..            |
[   10.511338] cloud-init[643]: +----[SHA256]-----+
[   10.512256] cloud-init[643]: Generating public/private ecdsa key pair.
[   10.514312] cloud-init[643]: Your identification has been saved in /etc/ssh/ssh_host_ecdsa_key.
[   10.515917] cloud-init[643]: Your public key has been saved in /etc/ssh/ssh_host_ecdsa_key.pub.
[   10.528480] cloud-init[643]: The key fingerprint is:
[   10.529848] cloud-init[643]: SHA256:c/UNDkU3jVR7Vk5CtFjGq3L6aegWLBO1nA313HRUm4A root@ubuntu-bionic
[   10.532143] cloud-init[643]: The key's randomart image is:
[   10.533695] cloud-init[643]: +---[ECDSA 256]---+
[   10.535084] cloud-init[643]: |           .oBX=%|
[   10.536594] cloud-init[643]: |          oE B+OO|
[   10.537615] cloud-init[643]: |         o =+ ===|
[   10.538496] cloud-init[643]: |        . +..+.+.|
[   10.548293] cloud-init[643]: |        So.  .o .|
[   10.549466] cloud-init[643]: |        oo+ o    |
[   10.550495] cloud-init[643]: |         o *     |
[   10.551630] cloud-init[643]: |          + ..   |
         Starting Pollinate to seed the pseudo random number generator...
         Starting Login Service...
         Starting Accounts Service...
[[0;32m  OK  [0m] Started Deferred execution scheduler.
[   10.570317] cloud-init[643]: |         o.oo    |
[   10.608659] cloud-init[643]: +----[SHA256]-----+
[   10.620594] cloud-init[643]: Generating public/private ed25519 key pair.
[   10.621769] cloud-init[643]: Your identification has been saved in /etc/ssh/ssh_host_ed25519_key.
[   10.622698] cloud-init[643]: Your public key has been saved in /etc/ssh/ssh_host_ed25519_key.pub.
[   10.632303] cloud-init[643]: The key fingerprint is:
         Starting Dispatcher daemon for systemd-networkd...
         Starting Permit User Sessions...
[   10.650490] cloud-init[643]: SHA256:Nh7KVPaTk3gt+Cewfn/d37SYUUTW0xHwCtP1gNlms0A root@ubuntu-bionic
         Starting Snappy daemon...
[   10.671043] cloud-init[643]: The key's randomart image is:
[   10.674124] cloud-init[643]: +--[ED25519 256]--+
[   10.675458] cloud-init[643]: |           .E=o*=|
[   10.677836] cloud-init[643]: |            = Xo+|
[   10.679045] cloud-init[643]: |        o  o = =o|
[   10.692738] cloud-init[643]: |       o + +o +  |
[   10.693369] cloud-init[643]: |      . S O .. . |
[   10.694347] cloud-init[643]: |     o + B +  .  |
[   10.695359] cloud-init[643]: |      o o o .. .o|
[   10.704296] cloud-init[643]: |       .  .o  =.=|
[   10.705762] cloud-init[643]: |        .. ..+ .+|
[   10.717093] cloud-init[643]: +----[SHA256]-----+
[[0;32m  OK  [0m] Started irqbalance daemon.
[[0;32m  OK  [0m] Started Regular background program processing daemon.
         Starting LSB: Record successful boot for GRUB...
[[0;32m  OK  [0m] Started D-Bus System Message Bus.
[[0;32m  OK  [0m] Started System Logging Service.
[[0;32m  OK  [0m] Started LXD - container startup/shutdown.
[[0;32m  OK  [0m] Started Permit User Sessions.
[[0;32m  OK  [0m] Started Login Service.
[[0;32m  OK  [0m] Started Unattended Upgrades Shutdown.
         Starting Hold until boot process finishes up...
         Starting Terminate Plymouth Boot Screen...
[[0;32m  OK  [0m] Started Hold until boot process finishes up.
[[0;32m  OK  [0m] Started Serial Getty on ttyS0.
         Starting Set console scheme...
[[0;32m  OK  [0m] Started Terminate Plymouth Boot Screen.
[[0;32m  OK  [0m] Started LSB: automatic crash report generation.
[[0;32m  OK  [0m] Started Set console scheme.
[[0;32m  OK  [0m] Created slice system-getty.slice.
[[0;32m  OK  [0m] Started Getty on tty1.
[[0;32m  OK  [0m] Reached target Login Prompts.
         Starting Authorization Manager...
[[0;32m  OK  [0m] Started LSB: Record successful boot for GRUB.
[[0;32m  OK  [0m] Started Authorization Manager.
[[0;32m  OK  [0m] Started Accounts Service.
[[0;32m  OK  [0m] Started Virtualbox guest utils.
[[0;32m  OK  [0m] Started Dispatcher daemon for systemd-networkd.
[[0;32m  OK  [0m] Started Snappy daemon.
         Starting Wait until snapd is fully seeded...
[[0;32m  OK  [0m] Started Wait until snapd is fully seeded.
         Starting Apply the settings specified in cloud-config...
[   15.448438] cloud-init[1078]: Cloud-init v. 19.1-1-gbaa47854-0ubuntu1~18.04.1 running 'modules:config' at Fri, 12 Jul 2019 18:40:20 +0000. Up 15.12 seconds.
[[0;32m  OK  [0m] Started Apply the settings specified in cloud-config.

Ubuntu 18.04.2 LTS ubuntu-bionic ttyS0

ubuntu-bionic login: ci-info: no authorized ssh keys fingerprints found for user ubuntu.
<14>Jul 12 18:40:22 ec2: 
<14>Jul 12 18:40:22 ec2: #############################################################
<14>Jul 12 18:40:22 ec2: -----BEGIN SSH HOST KEY FINGERPRINTS-----
<14>Jul 12 18:40:22 ec2: 1024 SHA256:xOuhkjLjiYfBr8zbAw4echUgfZWcboXw+NMeHEmfsWc root@ubuntu-bionic (DSA)
<14>Jul 12 18:40:22 ec2: 256 SHA256:c/UNDkU3jVR7Vk5CtFjGq3L6aegWLBO1nA313HRUm4A root@ubuntu-bionic (ECDSA)
<14>Jul 12 18:40:22 ec2: 256 SHA256:Nh7KVPaTk3gt+Cewfn/d37SYUUTW0xHwCtP1gNlms0A root@ubuntu-bionic (ED25519)
<14>Jul 12 18:40:22 ec2: 2048 SHA256:y2CViAwppQfsmRMaIRg+7i987WokrvZxFYJUQMpOQVQ root@ubuntu-bionic (RSA)
<14>Jul 12 18:40:22 ec2: -----END SSH HOST KEY FINGERPRINTS-----
<14>Jul 12 18:40:22 ec2: #############################################################
-----BEGIN SSH HOST KEY KEYS-----
ecdsa-sha2-nistp256 AAAAE2VjZHNhLXNoYTItbmlzdHAyNTYAAAAIbmlzdHAyNTYAAABBBK5VXoPahoFmf8vMPDFVDvXy3vNsrU1p0RR8LAAOQS8nI2MOcGE4uYJqn0JB0gHWcW8gHN+rJBex6pa1MonxYGs= root@ubuntu-bionic
ssh-ed25519 AAAAC3NzaC1lZDI1NTE5AAAAINJLzmUTOKfdhpxhWva75JWTYpJYjORgUm9O4V4GWwug root@ubuntu-bionic
ssh-rsa AAAAB3NzaC1yc2EAAAADAQABAAABAQDGllj3YqyAz3QnH5EW/b3ivJ3YW5Hu4hr4IAmFIqMmbL1ET0AVyoskeFZIYwWIAlX4ALGBe5l3eAp4Mi+kG+84XUIJojyXlFvBUdQMH8lZEiI8Vj2P3OKP02jIdpyq6UZ5eDCEM/5SVn6KULJmYiVFKFfMBeqMSUULiRYdYDPmYwts5Unysp6LeRjslz4ZTtaJboQYmITq/OYB37RTp7MGsKoK3gj4GJDjvwXYHsjRGfbqrbWvk+s3vs9F3GK6K47BFyZcEOtiAnUXSGPE7j13SzilXlMWKFxFbZYVQd1GIRbngbuLYXIlsP3XhR21RdNI5I1GS5PWUmwpeA6UIbZ1 root@ubuntu-bionic
-----END SSH HOST KEY KEYS-----
[   17.586466] cloud-init[1176]: Cloud-init v. 19.1-1-gbaa47854-0ubuntu1~18.04.1 running 'modules:final' at Fri, 12 Jul 2019 18:40:22 +0000. Up 17.39 seconds.
[   17.587171] cloud-init[1176]: ci-info: no authorized ssh keys fingerprints found for user ubuntu.
[   17.587364] cloud-init[1176]: Cloud-init v. 19.1-1-gbaa47854-0ubuntu1~18.04.1 finished at Fri, 12 Jul 2019 18:40:22 +0000. Datasource DataSourceNoCloud [seed=/dev/sdb][dsmode=net].  Up 17.57 seconds
